Configuration file: /Users/zhangyujin/Desktop/blog/cloudsreal.github.io/_config.yml
            Source: /Users/zhangyujin/Desktop/blog/cloudsreal.github.io
       Destination: /Users/zhangyujin/Desktop/blog/cloudsreal.github.io/_site
 Incremental build: disabled. Enable with --incremental
      Generating... 
       Jekyll Feed: Generating feed for posts
[33m   GitHub Metadata: No GitHub API authentication could be found. Some fields may be missing or have incorrect data.[0m
/Library/Ruby/Gems/2.6.0/gems/sass-3.7.4/lib/sass/util.rb:278:in `normalize_ident_escapes': Interrupt
	from /Library/Ruby/Gems/2.6.0/gems/sass-3.7.4/lib/sass/scss/parser.rb:1093:in `ident'
	from /Library/Ruby/Gems/2.6.0/gems/sass-3.7.4/lib/sass/scss/static_parser.rb:221:in `qualified_name'
	from /Library/Ruby/Gems/2.6.0/gems/sass-3.7.4/lib/sass/scss/static_parser.rb:210:in `element_name'
	from /Library/Ruby/Gems/2.6.0/gems/sass-3.7.4/lib/sass/scss/static_parser.rb:156:in `simple_selector_sequence'
	from /Library/Ruby/Gems/2.6.0/gems/sass-3.7.4/lib/sass/scss/static_parser.rb:108:in `selector'
	from /Library/Ruby/Gems/2.6.0/gems/sass-3.7.4/lib/sass/scss/static_parser.rb:83:in `selector_comma_sequence'
	from /Library/Ruby/Gems/2.6.0/gems/sass-3.7.4/lib/sass/scss/parser.rb:1216:in `expr!'
	from /Library/Ruby/Gems/2.6.0/gems/sass-3.7.4/lib/sass/scss/static_parser.rb:20:in `parse_selector'
	from /Library/Ruby/Gems/2.6.0/gems/sass-3.7.4/lib/sass/tree/rule_node.rb:145:in `block in try_to_parse_non_interpolated_rules'
	from /Library/Ruby/Gems/2.6.0/gems/sass-3.7.4/lib/sass/logger/base.rb:30:in `capture'
	from /Library/Ruby/Gems/2.6.0/gems/sass-3.7.4/lib/sass/tree/rule_node.rb:142:in `try_to_parse_non_interpolated_rules'
	from /Library/Ruby/Gems/2.6.0/gems/sass-3.7.4/lib/sass/tree/rule_node.rb:73:in `initialize'
	from /Library/Ruby/Gems/2.6.0/gems/sass-3.7.4/lib/sass/scss/parser.rb:683:in `new'
	from /Library/Ruby/Gems/2.6.0/gems/sass-3.7.4/lib/sass/scss/parser.rb:683:in `ruleset'
	from /Library/Ruby/Gems/2.6.0/gems/sass-3.7.4/lib/sass/scss/parser.rb:707:in `block_child'
	from /Library/Ruby/Gems/2.6.0/gems/sass-3.7.4/lib/sass/scss/parser.rb:700:in `block_contents'
	from /Library/Ruby/Gems/2.6.0/gems/sass-3.7.4/lib/sass/scss/parser.rb:137:in `stylesheet'
	from /Library/Ruby/Gems/2.6.0/gems/sass-3.7.4/lib/sass/scss/parser.rb:41:in `parse'
	from /Library/Ruby/Gems/2.6.0/gems/sass-3.7.4/lib/sass/engine.rb:414:in `_to_tree'
	from /Library/Ruby/Gems/2.6.0/gems/sass-3.7.4/lib/sass/engine.rb:321:in `to_tree'
	from /Library/Ruby/Gems/2.6.0/gems/sass-3.7.4/lib/sass/tree/visitors/perform.rb:323:in `block in visit_import'
	from /Library/Ruby/Gems/2.6.0/gems/sass-3.7.4/lib/sass/stack.rb:88:in `block in with_import'
	from /Library/Ruby/Gems/2.6.0/gems/sass-3.7.4/lib/sass/stack.rb:135:in `with_frame'
	from /Library/Ruby/Gems/2.6.0/gems/sass-3.7.4/lib/sass/stack.rb:88:in `with_import'
	from /Library/Ruby/Gems/2.6.0/gems/sass-3.7.4/lib/sass/tree/visitors/perform.rb:322:in `visit_import'
	from /Library/Ruby/Gems/2.6.0/gems/sass-3.7.4/lib/sass/tree/visitors/base.rb:36:in `visit'
	from /Library/Ruby/Gems/2.6.0/gems/sass-3.7.4/lib/sass/tree/visitors/perform.rb:158:in `block in visit'
	from /Library/Ruby/Gems/2.6.0/gems/sass-3.7.4/lib/sass/stack.rb:79:in `block in with_base'
	from /Library/Ruby/Gems/2.6.0/gems/sass-3.7.4/lib/sass/stack.rb:135:in `with_frame'
	from /Library/Ruby/Gems/2.6.0/gems/sass-3.7.4/lib/sass/stack.rb:79:in `with_base'
	from /Library/Ruby/Gems/2.6.0/gems/sass-3.7.4/lib/sass/tree/visitors/perform.rb:158:in `visit'
	from /Library/Ruby/Gems/2.6.0/gems/sass-3.7.4/lib/sass/tree/visitors/base.rb:52:in `block in visit_children'
	from /Library/Ruby/Gems/2.6.0/gems/sass-3.7.4/lib/sass/tree/visitors/base.rb:52:in `map'
	from /Library/Ruby/Gems/2.6.0/gems/sass-3.7.4/lib/sass/tree/visitors/base.rb:52:in `visit_children'
	from /Library/Ruby/Gems/2.6.0/gems/sass-3.7.4/lib/sass/tree/visitors/perform.rb:167:in `block in visit_children'
	from /Library/Ruby/Gems/2.6.0/gems/sass-3.7.4/lib/sass/tree/visitors/perform.rb:179:in `with_environment'
	from /Library/Ruby/Gems/2.6.0/gems/sass-3.7.4/lib/sass/tree/visitors/perform.rb:166:in `visit_children'
	from /Library/Ruby/Gems/2.6.0/gems/sass-3.7.4/lib/sass/tree/visitors/base.rb:36:in `block in visit'
	from /Library/Ruby/Gems/2.6.0/gems/sass-3.7.4/lib/sass/tree/visitors/perform.rb:186:in `visit_root'
	from /Library/Ruby/Gems/2.6.0/gems/sass-3.7.4/lib/sass/tree/visitors/base.rb:36:in `visit'
	from /Library/Ruby/Gems/2.6.0/gems/sass-3.7.4/lib/sass/tree/visitors/perform.rb:157:in `visit'
	from /Library/Ruby/Gems/2.6.0/gems/sass-3.7.4/lib/sass/tree/visitors/perform.rb:10:in `visit'
	from /Library/Ruby/Gems/2.6.0/gems/sass-3.7.4/lib/sass/tree/root_node.rb:36:in `css_tree'
	from /Library/Ruby/Gems/2.6.0/gems/sass-3.7.4/lib/sass/tree/root_node.rb:20:in `render'
	from /Library/Ruby/Gems/2.6.0/gems/sass-3.7.4/lib/sass/engine.rb:290:in `render'
	from /Library/Ruby/Gems/2.6.0/gems/sass-3.7.4/lib/sass.rb:57:in `compile'
	from /Library/Ruby/Gems/2.6.0/gems/jekyll-sass-converter-1.5.2/lib/jekyll/converters/scss.rb:119:in `convert'
	from /Library/Ruby/Gems/2.6.0/gems/jekyll-3.9.0/lib/jekyll/renderer.rb:101:in `block in convert'
	from /Library/Ruby/Gems/2.6.0/gems/jekyll-3.9.0/lib/jekyll/renderer.rb:99:in `each'
	from /Library/Ruby/Gems/2.6.0/gems/jekyll-3.9.0/lib/jekyll/renderer.rb:99:in `reduce'
	from /Library/Ruby/Gems/2.6.0/gems/jekyll-3.9.0/lib/jekyll/renderer.rb:99:in `convert'
	from /Library/Ruby/Gems/2.6.0/gems/jekyll-3.9.0/lib/jekyll/renderer.rb:83:in `render_document'
	from /Library/Ruby/Gems/2.6.0/gems/jekyll-3.9.0/lib/jekyll/renderer.rb:62:in `run'
	from /Library/Ruby/Gems/2.6.0/gems/jekyll-3.9.0/lib/jekyll/site.rb:479:in `render_regenerated'
	from /Library/Ruby/Gems/2.6.0/gems/jekyll-3.9.0/lib/jekyll/site.rb:472:in `block in render_pages'
	from /Library/Ruby/Gems/2.6.0/gems/jekyll-3.9.0/lib/jekyll/site.rb:471:in `each'
	from /Library/Ruby/Gems/2.6.0/gems/jekyll-3.9.0/lib/jekyll/site.rb:471:in `render_pages'
	from /Library/Ruby/Gems/2.6.0/gems/jekyll-3.9.0/lib/jekyll/site.rb:192:in `render'
	from /Library/Ruby/Gems/2.6.0/gems/jekyll-3.9.0/lib/jekyll/site.rb:71:in `process'
	from /Library/Ruby/Gems/2.6.0/gems/jekyll-3.9.0/lib/jekyll/command.rb:28:in `process_site'
	from /Library/Ruby/Gems/2.6.0/gems/jekyll-3.9.0/lib/jekyll/commands/build.rb:65:in `build'
	from /Library/Ruby/Gems/2.6.0/gems/jekyll-3.9.0/lib/jekyll/commands/build.rb:36:in `process'
	from /Library/Ruby/Gems/2.6.0/gems/hawkins-2.0.5/lib/hawkins/liveserve.rb:52:in `start'
	from /Library/Ruby/Gems/2.6.0/gems/hawkins-2.0.5/lib/hawkins/liveserve.rb:43:in `block (2 levels) in init_with_program'
	from /Library/Ruby/Gems/2.6.0/gems/mercenary-0.3.6/lib/mercenary/command.rb:220:in `block in execute'
	from /Library/Ruby/Gems/2.6.0/gems/mercenary-0.3.6/lib/mercenary/command.rb:220:in `each'
	from /Library/Ruby/Gems/2.6.0/gems/mercenary-0.3.6/lib/mercenary/command.rb:220:in `execute'
	from /Library/Ruby/Gems/2.6.0/gems/mercenary-0.3.6/lib/mercenary/program.rb:42:in `go'
	from /Library/Ruby/Gems/2.6.0/gems/mercenary-0.3.6/lib/mercenary.rb:19:in `program'
	from /Library/Ruby/Gems/2.6.0/gems/jekyll-3.9.0/exe/jekyll:15:in `<top (required)>'
	from /usr/local/bin/jekyll:23:in `load'
	from /usr/local/bin/jekyll:23:in `<top (required)>'
	from /Library/Ruby/Gems/2.6.0/gems/bundler-2.2.19/lib/bundler/cli/exec.rb:63:in `load'
	from /Library/Ruby/Gems/2.6.0/gems/bundler-2.2.19/lib/bundler/cli/exec.rb:63:in `kernel_load'
	from /Library/Ruby/Gems/2.6.0/gems/bundler-2.2.19/lib/bundler/cli/exec.rb:28:in `run'
	from /Library/Ruby/Gems/2.6.0/gems/bundler-2.2.19/lib/bundler/cli.rb:474:in `exec'
	from /Library/Ruby/Gems/2.6.0/gems/bundler-2.2.19/lib/bundler/vendor/thor/lib/thor/command.rb:27:in `run'
	from /Library/Ruby/Gems/2.6.0/gems/bundler-2.2.19/lib/bundler/vendor/thor/lib/thor/invocation.rb:127:in `invoke_command'
	from /Library/Ruby/Gems/2.6.0/gems/bundler-2.2.19/lib/bundler/vendor/thor/lib/thor.rb:392:in `dispatch'
	from /Library/Ruby/Gems/2.6.0/gems/bundler-2.2.19/lib/bundler/cli.rb:30:in `dispatch'
	from /Library/Ruby/Gems/2.6.0/gems/bundler-2.2.19/lib/bundler/vendor/thor/lib/thor/base.rb:485:in `start'
	from /Library/Ruby/Gems/2.6.0/gems/bundler-2.2.19/lib/bundler/cli.rb:24:in `start'
	from /Library/Ruby/Gems/2.6.0/gems/bundler-2.2.19/exe/bundle:49:in `block in <top (required)>'
	from /Library/Ruby/Gems/2.6.0/gems/bundler-2.2.19/lib/bundler/friendly_errors.rb:130:in `with_friendly_errors'
	from /Library/Ruby/Gems/2.6.0/gems/bundler-2.2.19/exe/bundle:37:in `<top (required)>'
	from /usr/local/bin/bundle:23:in `load'
	from /usr/local/bin/bundle:23:in `<main>'
